{"/code/src/convertBytesToHuman.js": {"path":"/code/src/convertBytesToHuman.js","statementMap":{"0":{"start":{"line":10,"column":18},"end":{"line":10,"column":23}},"1":{"start":{"line":11,"column":16},"end":{"line":11,"column":17}},"2":{"start":{"line":12,"column":14},"end":{"line":12,"column":49}},"3":{"start":{"line":14,"column":2},"end":{"line":46,"column":3}},"4":{"start":{"line":15,"column":4},"end":{"line":15,"column":19}},"5":{"start":{"line":17,"column":4},"end":{"line":45,"column":5}},"6":{"start":{"line":18,"column":6},"end":{"line":42,"column":7}},"7":{"start":{"line":19,"column":8},"end":{"line":19,"column":23}},"8":{"start":{"line":21,"column":7},"end":{"line":41,"column":9}},"9":{"start":{"line":22,"column":9},"end":{"line":22,"column":24}},"10":{"start":{"line":24,"column":10},"end":{"line":40,"column":11}},"11":{"start":{"line":25,"column":12},"end":{"line":25,"column":27}},"12":{"start":{"line":27,"column":12},"end":{"line":31,"column":13}},"13":{"start":{"line":28,"column":14},"end":{"line":28,"column":45}},"14":{"start":{"line":30,"column":14},"end":{"line":30,"column":27}},"15":{"start":{"line":33,"column":12},"end":{"line":35,"column":13}},"16":{"start":{"line":34,"column":14},"end":{"line":34,"column":26}},"17":{"start":{"line":37,"column":12},"end":{"line":37,"column":60}},"18":{"start":{"line":39,"column":12},"end":{"line":39,"column":54}},"19":{"start":{"line":44,"column":6},"end":{"line":44,"column":21}},"20":{"start":{"line":48,"column":2},"end":{"line":48,"column":16}}},"fnMap":{"0":{"name":"convertBytesToHuman","decl":{"start":{"line":8,"column":24},"end":{"line":8,"column":43}},"loc":{"start":{"line":8,"column":51},"end":{"line":49,"column":1}},"line":8}},"branchMap":{"0":{"loc":{"start":{"line":14,"column":2},"end":{"line":46,"column":3}},"type":"if","locations":[{"start":{"line":14,"column":2},"end":{"line":46,"column":3}},{"start":{"line":14,"column":2},"end":{"line":46,"column":3}}],"line":14},"1":{"loc":{"start":{"line":17,"column":4},"end":{"line":45,"column":5}},"type":"if","locations":[{"start":{"line":17,"column":4},"end":{"line":45,"column":5}},{"start":{"line":17,"column":4},"end":{"line":45,"column":5}}],"line":17},"2":{"loc":{"start":{"line":18,"column":6},"end":{"line":42,"column":7}},"type":"if","locations":[{"start":{"line":18,"column":6},"end":{"line":42,"column":7}},{"start":{"line":18,"column":6},"end":{"line":42,"column":7}}],"line":18},"3":{"loc":{"start":{"line":21,"column":7},"end":{"line":41,"column":9}},"type":"if","locations":[{"start":{"line":21,"column":7},"end":{"line":41,"column":9}},{"start":{"line":21,"column":7},"end":{"line":41,"column":9}}],"line":21},"4":{"loc":{"start":{"line":24,"column":10},"end":{"line":40,"column":11}},"type":"if","locations":[{"start":{"line":24,"column":10},"end":{"line":40,"column":11}},{"start":{"line":24,"column":10},"end":{"line":40,"column":11}}],"line":24},"5":{"loc":{"start":{"line":33,"column":12},"end":{"line":35,"column":13}},"type":"if","locations":[{"start":{"line":33,"column":12},"end":{"line":35,"column":13}},{"start":{"line":33,"column":12},"end":{"line":35,"column":13}}],"line":33}},"s":{"0":18,"1":18,"2":18,"3":18,"4":5,"5":13,"6":11,"7":2,"8":9,"9":1,"10":8,"11":3,"12":5,"13":7,"14":7,"15":5,"16":0,"17":5,"18":5,"19":2,"20":18},"f":{"0":18},"b":{"0":[5,13],"1":[11,2],"2":[2,9],"3":[1,8],"4":[3,5],"5":[0,5]},"_coverageSchema":"43e27e138ebf9cfc5966b082cf9a028302ed4184","hash":"5ea4e2a629d14827eb0e8e9bf7b35a78e9a0af1a"}
,"/code/src/correctSentence.js": {"path":"/code/src/correctSentence.js","statementMap":{"0":{"start":{"line":20,"column":2},"end":{"line":24,"column":3}},"1":{"start":{"line":21,"column":4},"end":{"line":21,"column":62}},"2":{"start":{"line":23,"column":4},"end":{"line":23,"column":68}},"3":{"start":{"line":26,"column":2},"end":{"line":26,"column":14}}},"fnMap":{"0":{"name":"correctSentence","decl":{"start":{"line":19,"column":24},"end":{"line":19,"column":39}},"loc":{"start":{"line":19,"column":46},"end":{"line":27,"column":1}},"line":19}},"branchMap":{"0":{"loc":{"start":{"line":20,"column":2},"end":{"line":24,"column":3}},"type":"if","locations":[{"start":{"line":20,"column":2},"end":{"line":24,"column":3}},{"start":{"line":20,"column":2},"end":{"line":24,"column":3}}],"line":20}},"s":{"0":3,"1":1,"2":2,"3":3},"f":{"0":3},"b":{"0":[1,2]},"_coverageSchema":"43e27e138ebf9cfc5966b082cf9a028302ed4184","hash":"39b3adffd30d1ff473232d850eedd1a802043501"}
,"/code/src/nonUniqueElements.js": {"path":"/code/src/nonUniqueElements.js","statementMap":{"0":{"start":{"line":43,"column":23},"end":{"line":43,"column":36}},"1":{"start":{"line":46,"column":2},"end":{"line":50,"column":3}},"2":{"start":{"line":47,"column":4},"end":{"line":49,"column":5}},"3":{"start":{"line":47,"column":25},"end":{"line":47,"column":37}},"4":{"start":{"line":48,"column":6},"end":{"line":48,"column":44}},"5":{"start":{"line":52,"column":2},"end":{"line":52,"column":14}}},"fnMap":{"0":{"name":"nonUniqueElements","decl":{"start":{"line":26,"column":24},"end":{"line":26,"column":41}},"loc":{"start":{"line":26,"column":48},"end":{"line":53,"column":1}},"line":26},"1":{"name":"(anonymous_1)","decl":{"start":{"line":47,"column":20},"end":{"line":47,"column":21}},"loc":{"start":{"line":47,"column":25},"end":{"line":47,"column":37}},"line":47}},"branchMap":{"0":{"loc":{"start":{"line":47,"column":4},"end":{"line":49,"column":5}},"type":"if","locations":[{"start":{"line":47,"column":4},"end":{"line":49,"column":5}},{"start":{"line":47,"column":4},"end":{"line":49,"column":5}}],"line":47}},"s":{"0":4,"1":4,"2":12,"3":52,"4":7,"5":4},"f":{"0":4,"1":52},"b":{"0":[7,5]},"_coverageSchema":"43e27e138ebf9cfc5966b082cf9a028302ed4184","hash":"d7bd90c19a81f237482a8e1beb097eb36da6a4eb"}
,"/code/src/actions/counter.js": {"path":"/code/src/actions/counter.js","statementMap":{"0":{"start":{"line":5,"column":22},"end":{"line":5,"column":38}},"1":{"start":{"line":6,"column":2},"end":{"line":6,"column":31}},"2":{"start":{"line":6,"column":25},"end":{"line":6,"column":31}},"3":{"start":{"line":7,"column":2},"end":{"line":7,"column":57}}},"fnMap":{"0":{"name":"incrementIfOdd","decl":{"start":{"line":4,"column":16},"end":{"line":4,"column":30}},"loc":{"start":{"line":4,"column":33},"end":{"line":8,"column":1}},"line":4}},"branchMap":{"0":{"loc":{"start":{"line":6,"column":2},"end":{"line":6,"column":31}},"type":"if","locations":[{"start":{"line":6,"column":2},"end":{"line":6,"column":31}},{"start":{"line":6,"column":2},"end":{"line":6,"column":31}}],"line":6}},"s":{"0":0,"1":0,"2":0,"3":0},"f":{"0":0},"b":{"0":[0,0]},"_coverageSchema":"43e27e138ebf9cfc5966b082cf9a028302ed4184","hash":"6b892fdcd67063e9d3b25295fb8293afff4fd964"}
,"/code/src/components/Counter.js": {"path":"/code/src/components/Counter.js","statementMap":{"0":{"start":{"line":5,"column":14},"end":{"line":7,"column":1}},"1":{"start":{"line":10,"column":2},"end":{"line":21,"column":3}},"2":{"start":{"line":24,"column":0},"end":{"line":29,"column":1}}},"fnMap":{"0":{"name":"Counter","decl":{"start":{"line":9,"column":9},"end":{"line":9,"column":16}},"loc":{"start":{"line":9,"column":68},"end":{"line":22,"column":1}},"line":9}},"branchMap":{},"s":{"0":1,"1":1,"2":1},"f":{"0":1},"b":{},"_coverageSchema":"43e27e138ebf9cfc5966b082cf9a028302ed4184","hash":"9fa5d6bad8861857cb8123e25e26024341983690"}
,"/code/src/constants/ActionTypes.js": {"path":"/code/src/constants/ActionTypes.js","statementMap":{},"fnMap":{},"branchMap":{},"s":{},"f":{},"b":{},"_coverageSchema":"43e27e138ebf9cfc5966b082cf9a028302ed4184","hash":"bb2ebfaa73a7fa662fc0f26146e08a2508f0e39d"}
,"/code/src/containers/CounterContainer.js": {"path":"/code/src/containers/CounterContainer.js","statementMap":{"0":{"start":{"line":9,"column":21},"end":{"line":12,"column":3}},"1":{"start":{"line":14,"column":14},"end":{"line":16,"column":3}},"2":{"start":{"line":15,"column":4},"end":{"line":15,"column":64}},"3":{"start":{"line":18,"column":14},"end":{"line":20,"column":3}},"4":{"start":{"line":19,"column":4},"end":{"line":19,"column":64}},"5":{"start":{"line":22,"column":19},"end":{"line":24,"column":3}},"6":{"start":{"line":23,"column":4},"end":{"line":23,"column":20}},"7":{"start":{"line":27,"column":4},"end":{"line":34,"column":5}},"8":{"start":{"line":39,"column":2},"end":{"line":41,"column":3}}},"fnMap":{"0":{"name":"(anonymous_0)","decl":{"start":{"line":14,"column":14},"end":{"line":14,"column":15}},"loc":{"start":{"line":14,"column":20},"end":{"line":16,"column":3}},"line":14},"1":{"name":"(anonymous_1)","decl":{"start":{"line":18,"column":14},"end":{"line":18,"column":15}},"loc":{"start":{"line":18,"column":20},"end":{"line":20,"column":3}},"line":18},"2":{"name":"(anonymous_2)","decl":{"start":{"line":22,"column":19},"end":{"line":22,"column":20}},"loc":{"start":{"line":22,"column":25},"end":{"line":24,"column":3}},"line":22},"3":{"name":"(anonymous_3)","decl":{"start":{"line":26,"column":2},"end":{"line":26,"column":3}},"loc":{"start":{"line":26,"column":11},"end":{"line":35,"column":3}},"line":26},"4":{"name":"mapStateToProps","decl":{"start":{"line":38,"column":9},"end":{"line":38,"column":24}},"loc":{"start":{"line":38,"column":32},"end":{"line":42,"column":1}},"line":38}},"branchMap":{},"s":{"0":1,"1":1,"2":0,"3":1,"4":0,"5":1,"6":0,"7":1,"8":0},"f":{"0":0,"1":0,"2":0,"3":1,"4":0},"b":{},"_coverageSchema":"43e27e138ebf9cfc5966b082cf9a028302ed4184","hash":"96e02fc411bc1a181888c6616eae52db9a6b895d"}
,"/code/src/reducers/counter.js": {"path":"/code/src/reducers/counter.js","statementMap":{"0":{"start":{"line":3,"column":21},"end":{"line":3,"column":22}},"1":{"start":{"line":6,"column":2},"end":{"line":13,"column":3}},"2":{"start":{"line":8,"column":6},"end":{"line":8,"column":22}},"3":{"start":{"line":10,"column":6},"end":{"line":10,"column":22}},"4":{"start":{"line":12,"column":6},"end":{"line":12,"column":18}}},"fnMap":{"0":{"name":"counter","decl":{"start":{"line":5,"column":24},"end":{"line":5,"column":31}},"loc":{"start":{"line":5,"column":62},"end":{"line":14,"column":1}},"line":5}},"branchMap":{"0":{"loc":{"start":{"line":5,"column":32},"end":{"line":5,"column":52}},"type":"default-arg","locations":[{"start":{"line":5,"column":40},"end":{"line":5,"column":52}}],"line":5},"1":{"loc":{"start":{"line":6,"column":2},"end":{"line":13,"column":3}},"type":"switch","locations":[{"start":{"line":7,"column":4},"end":{"line":8,"column":22}},{"start":{"line":9,"column":4},"end":{"line":10,"column":22}},{"start":{"line":11,"column":4},"end":{"line":12,"column":18}}],"line":6}},"s":{"0":1,"1":3,"2":0,"3":0,"4":3},"f":{"0":3},"b":{"0":[3],"1":[0,0,3]},"_coverageSchema":"43e27e138ebf9cfc5966b082cf9a028302ed4184","hash":"e279ec3dd2964d17319f0dc0f658141bb4f86dd8"}
,"/code/src/reducers/index.js": {"path":"/code/src/reducers/index.js","statementMap":{"0":{"start":{"line":4,"column":20},"end":{"line":6,"column":2}}},"fnMap":{},"branchMap":{},"s":{"0":1},"f":{},"b":{},"_coverageSchema":"43e27e138ebf9cfc5966b082cf9a028302ed4184","hash":"9c5d629875e44f3409159bba4dfd19786518fe76"}
,"/code/src/store/index.js": {"path":"/code/src/store/index.js","statementMap":{"0":{"start":{"line":1,"column":27},"end":{"line":3,"column":25}},"1":{"start":{"line":6,"column":0},"end":{"line":6,"column":24}}},"fnMap":{},"branchMap":{"0":{"loc":{"start":{"line":1,"column":27},"end":{"line":3,"column":25}},"type":"cond-expr","locations":[{"start":{"line":2,"column":4},"end":{"line":2,"column":26}},{"start":{"line":3,"column":4},"end":{"line":3,"column":25}}],"line":1}},"s":{"0":1,"1":1},"f":{},"b":{"0":[0,1]},"_coverageSchema":"43e27e138ebf9cfc5966b082cf9a028302ed4184","hash":"0f5a425feb73c1b7ebdc2c7fdaf4880b313123ec"}
,"/code/src/store/storeDev.js": {"path":"/code/src/store/storeDev.js","statementMap":{"0":{"start":{"line":7,"column":22},"end":{"line":7,"column":34}},"1":{"start":{"line":8,"column":20},"end":{"line":11,"column":3}},"2":{"start":{"line":12,"column":27},"end":{"line":15,"column":4}},"3":{"start":{"line":16,"column":16},"end":{"line":16,"column":86}},"4":{"start":{"line":17,"column":2},"end":{"line":24,"column":3}},"5":{"start":{"line":19,"column":4},"end":{"line":23,"column":6}},"6":{"start":{"line":21,"column":26},"end":{"line":21,"column":56}},"7":{"start":{"line":22,"column":6},"end":{"line":22,"column":39}},"8":{"start":{"line":26,"column":2},"end":{"line":26,"column":14}}},"fnMap":{"0":{"name":"configureStore","decl":{"start":{"line":6,"column":24},"end":{"line":6,"column":38}},"loc":{"start":{"line":6,"column":58},"end":{"line":27,"column":1}},"line":6},"1":{"name":"(anonymous_1)","decl":{"start":{"line":19,"column":37},"end":{"line":19,"column":38}},"loc":{"start":{"line":19,"column":43},"end":{"line":23,"column":5}},"line":19}},"branchMap":{"0":{"loc":{"start":{"line":6,"column":39},"end":{"line":6,"column":56}},"type":"default-arg","locations":[{"start":{"line":6,"column":54},"end":{"line":6,"column":56}}],"line":6},"1":{"loc":{"start":{"line":17,"column":2},"end":{"line":24,"column":3}},"type":"if","locations":[{"start":{"line":17,"column":2},"end":{"line":24,"column":3}},{"start":{"line":17,"column":2},"end":{"line":24,"column":3}}],"line":17}},"s":{"0":1,"1":1,"2":1,"3":1,"4":1,"5":0,"6":0,"7":0,"8":1},"f":{"0":1,"1":0},"b":{"0":[1],"1":[0,1]},"_coverageSchema":"43e27e138ebf9cfc5966b082cf9a028302ed4184","hash":"fc9949f70f3d4395e8e94899aebad53ec961bdf3"}
}
